<?xml version="1.0" encoding="UTF-8"?>
<testsuite name="clasesTest.CalculadorCombustibleTest" tests="1" skipped="0" failures="0" errors="0" timestamp="2023-08-16T03:04:31" hostname="LAPTOP-PM4SE27L" time="0.012">
  <properties/>
  <testcase name="calcularCombustibleTest()" classname="clasesTest.CalculadorCombustibleTest" time="0.012"/>
  <system-out><![CDATA[]]></system-out>
  <system-err><![CDATA[]]></system-err>
</testsuite>
