<?xml version="1.0" encoding="UTF-8"?>
<testsuite name="clasesTest.AvionComercialTest" tests="3" skipped="0" failures="0" errors="0" timestamp="2023-08-16T03:04:31" hostname="LAPTOP-PM4SE27L" time="0.042">
  <properties/>
  <testcase name="testGetCapacidadCombustible()" classname="clasesTest.AvionComercialTest" time="0.037"/>
  <testcase name="testGetConsumoCombustible()" classname="clasesTest.AvionComercialTest" time="0.001"/>
  <testcase name="volarTest()" classname="clasesTest.AvionComercialTest" time="0.001"/>
  <system-out><![CDATA[]]></system-out>
  <system-err><![CDATA[]]></system-err>
</testsuite>
